Added Component: Designator=J8(Solder Jumper)
Added Component: Designator=J9(Solder Jumper)
Added Component: Designator=J10(Solder Jumper)
Added Component: Designator=J11(Solder Jumper)
Added Component: Designator=J14(Solder Jumper)
Added Component: Designator=J15(Solder Jumper)
Added Component: Designator=J16(Solder Jumper)
Added Pin To Net: NetName=+3V3 Pin=J9-1
Added Pin To Net: NetName=+3V3 Pin=J10-1
Added Pin To Net: NetName=+3V3 Pin=J11-1
Added Pin To Net: NetName=+3V3 Pin=J14-1
Added Pin To Net: NetName=+3V3 Pin=J15-1
Added Pin To Net: NetName=+3V3 Pin=J16-1
Added Pin To Net: NetName=NetJ8_1 Pin=J8-1
Added Pin To Net: NetName=NetJ8_1 Pin=U6-2
Added Pin To Net: NetName=NetJ8_1 Pin=U6-4
Added Net: Name=NetJ8_1
Added Pin To Net: NetName=NetJ9_2 Pin=J9-2
Added Pin To Net: NetName=NetJ9_2 Pin=U7-1
Added Net: Name=NetJ9_2
Added Pin To Net: NetName=NetJ10_2 Pin=J10-2
Added Pin To Net: NetName=NetJ10_2 Pin=U7-5
Added Net: Name=NetJ10_2
Added Pin To Net: NetName=NetJ11_2 Pin=J11-2
Added Pin To Net: NetName=NetJ11_2 Pin=U7-6
Added Net: Name=NetJ11_2
Added Pin To Net: NetName=NetJ14_2 Pin=J14-2
Added Pin To Net: NetName=NetJ14_2 Pin=U7-2
Added Net: Name=NetJ14_2
Added Pin To Net: NetName=NetJ15_2 Pin=J15-2
Added Pin To Net: NetName=NetJ15_2 Pin=U7-3
Added Net: Name=NetJ15_2
Added Pin To Net: NetName=NetJ16_2 Pin=J16-2
Added Pin To Net: NetName=NetJ16_2 Pin=U7-4
Added Net: Name=NetJ16_2
Added Member To Class: ClassName=SectionD_v1.0 Member=Component J8 Solder Jumper
Added Member To Class: ClassName=SectionD_v1.0 Member=Component J9 Solder Jumper
Added Member To Class: ClassName=SectionD_v1.0 Member=Component J10 Solder Jumper
Added Member To Class: ClassName=SectionD_v1.0 Member=Component J11 Solder Jumper
Added Member To Class: ClassName=SectionD_v1.0 Member=Component J14 Solder Jumper
Added Member To Class: ClassName=SectionD_v1.0 Member=Component J15 Solder Jumper
Added Member To Class: ClassName=SectionD_v1.0 Member=Component J16 Solder Jumper
Added Room: Name=SectionD_v1.0
